<?xml version="1.0" encoding="UTF-8"?>
<testsuite xmlns:xsi="http://www.w3.org/2001/XMLSchema-instance" xsi:noNamespaceSchemaLocation="https://maven.apache.org/surefire/maven-surefire-plugin/xsd/surefire-test-report-3.0.xsd" version="3.0" name="com.bloodbridge.service.DonorServiceTest" time="1.641" tests="9" errors="0" skipped="0" failures="0">
  <properties>
[...]
</properties>
  <testcase name="testValidateDonorData" classname="com.bloodbridge.service.DonorServiceTest" time="0.058">
    <system-err><![CDATA[WARNING: A Java agent has been loaded dynamically (C:\Users\gdjn\.m2\repository\net\bytebuddy\byte-buddy-agent\1.14.9\byte-buddy-agent-1.14.9.jar)
WARNING: If a serviceability tool is in use, please run with -XX:+EnableDynamicAgentLoading to hide this warning
WARNING: If a serviceability tool is not in use, please run with -Djdk.instrument.traceUsage for more information
WARNING: Dynamic loading of agents will be disallowed by default in a future release
]]></system-err>
  </testcase>
  <testcase name="testGetDonorDonations" classname="com.bloodbridge.service.DonorServiceTest" time="0.012"/>
  <testcase name="testGetCurrentDonor" classname="com.bloodbridge.service.DonorServiceTest" time="0.004"/>
  <testcase name="testUpdateDonor" classname="com.bloodbridge.service.DonorServiceTest" time="0.003"/>
  <testcase name="testAuthenticateDonorWithInvalidCredentials" classname="com.bloodbridge.service.DonorServiceTest" time="0.004"/>
  <testcase name="testRemoveDonor" classname="com.bloodbridge.service.DonorServiceTest" time="0.002"/>
  <testcase name="testAddDonor" classname="com.bloodbridge.service.DonorServiceTest" time="0.002"/>
  <testcase name="testAuthenticateDonor" classname="com.bloodbridge.service.DonorServiceTest" time="0.003"/>
  <testcase name="testLogout" classname="com.bloodbridge.service.DonorServiceTest" time="0.002"/>
</testsuite>